This is pdfeTeX, Version 3.141592-1.21a-2.2 (Web2C 7.5.4) (format=latex 2008.10.5)  12 OCT 2008 15:32
entering extended mode
**./images.tex
(./images.tex
LaTeX2e <2003/12/01>
Babel <v3.8d> and hyphenation patterns for american, french, german, ngerman, b
ahasa, basque, bulgarian, catalan, croatian, czech, danish, dutch, esperanto, e
stonian, finnish, greek, icelandic, irish, italian, latin, magyar, norsk, polis
h, portuges, romanian, russian, serbian, slovak, slovene, spanish, swedish, tur
kish, ukrainian, nohyphenation, loaded.

(/usr/local/share/texmf-dist/tex/latex/base/book.cls
Document Class: book 2004/02/16 v1.4f Standard LaTeX document class
(/usr/local/share/texmf-dist/tex/latex/base/bk10.clo
File: bk10.clo 2004/02/16 v1.4f Standard LaTeX file (size option)
)
\c@part=\count79
\c@chapter=\count80
\c@section=\count81
\c@subsection=\count82
\c@subsubsection=\count83
\c@paragraph=\count84
\c@subparagraph=\count85
\c@figure=\count86
\c@table=\count87
\abovecaptionskip=\skip41
\belowcaptionskip=\skip42
\bibindent=\dimen102
) (/usr/local/share/texmf-dist/tex/latex/base/ifthen.sty
Package: ifthen 2001/05/26 v1.1c Standard LaTeX ifthen package (DPC)
) (/usr/local/share/texmf-dist/tex/latex/graphics/graphicx.sty
Package: graphicx 1999/02/16 v1.0f Enhanced LaTeX Graphics (DPC,SPQR)
(/usr/local/share/texmf-dist/tex/latex/graphics/keyval.sty
Package: keyval 1999/03/16 v1.13 key=value parser (DPC)
\KV@toks@=\toks14
) (/usr/local/share/texmf-dist/tex/latex/graphics/graphics.sty
Package: graphics 2001/07/07 v1.0n Standard LaTeX Graphics (DPC,SPQR)
(/usr/local/share/texmf-dist/tex/latex/graphics/trig.sty
Package: trig 1999/03/16 v1.09 sin cos tan (DPC)
) (/usr/local/share/texmf-dist/tex/latex/graphics/graphics.cfg
File: graphics.cfg 2005/02/03 v1.3 graphics configuration of teTeX/TeXLive
)
Package graphics Info: Driver file: dvips.def on input line 80.
(/usr/local/share/texmf-dist/tex/latex/graphics/dvips.def
File: dvips.def 1999/02/16 v3.0i Driver-dependant file (DPC,SPQR)
))
\Gin@req@height=\dimen103
\Gin@req@width=\dimen104
) (/usr/local/share/texmf-dist/tex/latex/amsmath/amsmath.sty
Package: amsmath 2000/07/18 v2.13 AMS math features
\@mathmargin=\skip43
For additional information on amsmath, use the `?' option.
(/usr/local/share/texmf-dist/tex/latex/amsmath/amstext.sty
Package: amstext 2000/06/29 v2.01
(/usr/local/share/texmf-dist/tex/latex/amsmath/amsgen.sty
File: amsgen.sty 1999/11/30 v2.0
\@emptytoks=\toks15
\ex@=\dimen105
)) (/usr/local/share/texmf-dist/tex/latex/amsmath/amsbsy.sty
Package: amsbsy 1999/11/29 v1.2d
\pmbraise@=\dimen106
) (/usr/local/share/texmf-dist/tex/latex/amsmath/amsopn.sty
Package: amsopn 1999/12/14 v2.01 operator names
)
\inf@bad=\count88
LaTeX Info: Redefining \frac on input line 211.
\uproot@=\count89
\leftroot@=\count90
LaTeX Info: Redefining \overline on input line 307.
\classnum@=\count91
\DOTSCASE@=\count92
LaTeX Info: Redefining \ldots on input line 379.
LaTeX Info: Redefining \dots on input line 382.
LaTeX Info: Redefining \cdots on input line 467.
\Mathstrutbox@=\box26
\strutbox@=\box27
\big@size=\dimen107
LaTeX Font Info:    Redeclaring font encoding OML on input line 567.
LaTeX Font Info:    Redeclaring font encoding OMS on input line 568.
\macc@depth=\count93
\c@MaxMatrixCols=\count94
\dotsspace@=\muskip10
\c@parentequation=\count95
\dspbrk@lvl=\count96
\tag@help=\toks16
\row@=\count97
\column@=\count98
\maxfields@=\count99
\andhelp@=\toks17
\eqnshift@=\dimen108
\alignsep@=\dimen109
\tagshift@=\dimen110
\tagwidth@=\dimen111
\totwidth@=\dimen112
\lineht@=\dimen113
\@envbody=\toks18
\multlinegap=\skip44
\multlinetaggap=\skip45
\mathdisplay@stack=\toks19
LaTeX Info: Redefining \[ on input line 2666.
LaTeX Info: Redefining \] on input line 2667.
) (/usr/local/share/texmf-dist/tex/latex/tools/bm.sty
Package: bm 2004/02/26 v1.1c Bold Symbol Support (DPC/FMi)
\symboldoperators=\mathgroup4
\symboldletters=\mathgroup5
\symboldsymbols=\mathgroup6
LaTeX Font Info:    Redeclaring math alphabet \mathbf on input line 137.
LaTeX Info: Redefining \bm on input line 203.
) (/usr/local/share/texmf-dist/tex/latex/psnfss/times.sty
Package: times 2004/09/15 PSNFSS-v9.2 (SPQR) 
) (/usr/local/share/texmf-dist/tex/latex/txfonts/txfonts.sty
Package: txfonts 2005/01/03 v3.2
LaTeX Font Info:    Redeclaring symbol font `operators' on input line 20.
LaTeX Font Info:    Overwriting symbol font `operators' in version `normal'
(Font)                  OT1/cmr/m/n --> OT1/txr/m/n on input line 20.
LaTeX Font Info:    Overwriting symbol font `operators' in version `bold'
(Font)                  OT1/cmr/bx/n --> OT1/txr/m/n on input line 20.
LaTeX Font Info:    Overwriting symbol font `operators' in version `bold'
(Font)                  OT1/txr/m/n --> OT1/txr/bx/n on input line 21.
\symitalic=\mathgroup7
LaTeX Font Info:    Overwriting symbol font `italic' in version `bold'
(Font)                  OT1/txr/m/it --> OT1/txr/bx/it on input line 25.
LaTeX Font Info:    Redeclaring math alphabet \mathrm on input line 27.
LaTeX Font Info:    Redeclaring math alphabet \mathbf on input line 28.
LaTeX Font Info:    Redeclaring math alphabet \mathit on input line 29.
LaTeX Font Info:    Overwriting math alphabet `\mathit' in version `normal'
(Font)                  OT1/cmr/m/it --> OT1/txr/m/it on input line 29.
LaTeX Font Info:    Overwriting math alphabet `\mathit' in version `bold'
(Font)                  OT1/cmr/bx/it --> OT1/txr/m/it on input line 29.
LaTeX Font Info:    Overwriting math alphabet `\mathit' in version `bold'
(Font)                  OT1/txr/m/it --> OT1/txr/bx/it on input line 30.
LaTeX Font Info:    Redeclaring math alphabet \mathsf on input line 39.
LaTeX Font Info:    Overwriting math alphabet `\mathsf' in version `normal'
(Font)                  OT1/cmss/m/n --> OT1/txss/m/n on input line 39.
LaTeX Font Info:    Overwriting math alphabet `\mathsf' in version `bold'
(Font)                  OT1/cmss/bx/n --> OT1/txss/m/n on input line 39.
LaTeX Font Info:    Overwriting math alphabet `\mathsf' in version `bold'
(Font)                  OT1/txss/m/n --> OT1/txss/b/n on input line 40.
LaTeX Font Info:    Redeclaring math alphabet \mathtt on input line 49.
LaTeX Font Info:    Overwriting math alphabet `\mathtt' in version `normal'
(Font)                  OT1/cmtt/m/n --> OT1/txtt/m/n on input line 49.
LaTeX Font Info:    Overwriting math alphabet `\mathtt' in version `bold'
(Font)                  OT1/cmtt/m/n --> OT1/txtt/m/n on input line 49.
LaTeX Font Info:    Overwriting math alphabet `\mathtt' in version `bold'
(Font)                  OT1/txtt/m/n --> OT1/txtt/b/n on input line 50.
LaTeX Font Info:    Redeclaring symbol font `letters' on input line 57.
LaTeX Font Info:    Overwriting symbol font `letters' in version `normal'
(Font)                  OML/cmm/m/it --> OML/txmi/m/it on input line 57.
LaTeX Font Info:    Overwriting symbol font `letters' in version `bold'
(Font)                  OML/cmm/b/it --> OML/txmi/m/it on input line 57.
LaTeX Font Info:    Overwriting symbol font `letters' in version `bold'
(Font)                  OML/txmi/m/it --> OML/txmi/bx/it on input line 58.
\symlettersA=\mathgroup8
LaTeX Font Info:    Overwriting symbol font `lettersA' in version `bold'
(Font)                  U/txmia/m/it --> U/txmia/bx/it on input line 66.
LaTeX Font Info:    Redeclaring symbol font `symbols' on input line 76.
LaTeX Font Info:    Overwriting symbol font `symbols' in version `normal'
(Font)                  OMS/cmsy/m/n --> OMS/txsy/m/n on input line 76.
LaTeX Font Info:    Overwriting symbol font `symbols' in version `bold'
(Font)                  OMS/cmsy/b/n --> OMS/txsy/m/n on input line 76.
LaTeX Font Info:    Overwriting symbol font `symbols' in version `bold'
(Font)                  OMS/txsy/m/n --> OMS/txsy/bx/n on input line 77.
\symAMSa=\mathgroup9
LaTeX Font Info:    Overwriting symbol font `AMSa' in version `bold'
(Font)                  U/txsya/m/n --> U/txsya/bx/n on input line 93.
\symAMSb=\mathgroup10
LaTeX Font Info:    Overwriting symbol font `AMSb' in version `bold'
(Font)                  U/txsyb/m/n --> U/txsyb/bx/n on input line 102.
\symsymbolsC=\mathgroup11
LaTeX Font Info:    Overwriting symbol font `symbolsC' in version `bold'
(Font)                  U/txsyc/m/n --> U/txsyc/bx/n on input line 112.
LaTeX Font Info:    Redeclaring symbol font `largesymbols' on input line 119.
LaTeX Font Info:    Overwriting symbol font `largesymbols' in version `normal'
(Font)                  OMX/cmex/m/n --> OMX/txex/m/n on input line 119.
LaTeX Font Info:    Overwriting symbol font `largesymbols' in version `bold'
(Font)                  OMX/cmex/m/n --> OMX/txex/m/n on input line 119.
LaTeX Font Info:    Overwriting symbol font `largesymbols' in version `bold'
(Font)                  OMX/txex/m/n --> OMX/txex/bx/n on input line 120.
\symlargesymbolsA=\mathgroup12
LaTeX Font Info:    Overwriting symbol font `largesymbolsA' in version `bold'
(Font)                  U/txexa/m/n --> U/txexa/bx/n on input line 128.
LaTeX Info: Redefining \not on input line 1042.
) (/usr/local/share/texmf-dist/tex/latex/jknappen/mathrsfs.sty
Package: mathrsfs 1996/01/01 Math RSFS package v1.0 (jk)
\symrsfs=\mathgroup13
) (/usr/local/share/texmf-dist/tex/latex/graphics/color.sty
Package: color 1999/02/16 v1.0i Standard LaTeX Color (DPC)
(/usr/local/share/texmf-dist/tex/latex/graphics/color.cfg
File: color.cfg 2005/02/03 v1.3 color configuration of teTeX/TeXLive
)
Package color Info: Driver file: dvips.def on input line 125.
(/usr/local/share/texmf-dist/tex/latex/graphics/dvipsnam.def
File: dvipsnam.def 1999/02/16 v3.0i Driver-dependant file (DPC,SPQR)
)) (/usr/local/share/texmf-dist/tex/latex/base/inputenc.sty
Package: inputenc 2004/02/05 v1.0d Input encoding file
(/usr/local/share/texmf-dist/tex/latex/base/latin1.def
File: latin1.def 2004/02/05 v1.0d Input encoding file
))
\sizebox=\box28
\lthtmlwrite=\write3
(./images.aux)
\openout1 = `images.aux'.

LaTeX Font Info:    Checking defaults for OML/txmi/m/it on input line 135.
LaTeX Font Info:    Try loading font information for OML+txmi on input line 135
.
(/usr/local/share/texmf-dist/tex/latex/txfonts/omltxmi.fd
File: omltxmi.fd 2000/12/15 v3.1
)
LaTeX Font Info:    ... okay on input line 135.
LaTeX Font Info:    Checking defaults for T1/cmr/m/n on input line 135.
LaTeX Font Info:    ... okay on input line 135.
LaTeX Font Info:    Checking defaults for OT1/cmr/m/n on input line 135.
LaTeX Font Info:    ... okay on input line 135.
LaTeX Font Info:    Checking defaults for OMS/txsy/m/n on input line 135.
LaTeX Font Info:    Try loading font information for OMS+txsy on input line 135
.
(/usr/local/share/texmf-dist/tex/latex/txfonts/omstxsy.fd
File: omstxsy.fd 2000/12/15 v3.1
)
LaTeX Font Info:    ... okay on input line 135.
LaTeX Font Info:    Checking defaults for OMX/txex/m/n on input line 135.
LaTeX Font Info:    Try loading font information for OMX+txex on input line 135
.
(/usr/local/share/texmf-dist/tex/latex/txfonts/omxtxex.fd
File: omxtxex.fd 2000/12/15 v3.1
)
LaTeX Font Info:    ... okay on input line 135.
LaTeX Font Info:    Checking defaults for U/txexa/m/n on input line 135.
LaTeX Font Info:    Try loading font information for U+txexa on input line 135.

(/usr/local/share/texmf-dist/tex/latex/txfonts/utxexa.fd
File: utxexa.fd 2000/12/15 v3.1
)
LaTeX Font Info:    ... okay on input line 135.
LaTeX Font Info:    Try loading font information for OT1+txr on input line 135.

(/usr/local/share/texmf-dist/tex/latex/txfonts/ot1txr.fd
File: ot1txr.fd 2000/12/15 v3.1
)

latex2htmlLength hsize=451.0pt

latex2htmlLength vsize=554.0pt

latex2htmlLength hoffset=0.0pt

latex2htmlLength voffset=0.0pt

latex2htmlLength topmargin=0.0pt

latex2htmlLength topskip=0.00003pt

latex2htmlLength headheight=0.0pt

latex2htmlLength headsep=0.0pt

latex2htmlLength parskip=0.0pt plus 1.0pt

latex2htmlLength oddsidemargin=35.0pt

latex2htmlLength evensidemargin=89.0pt

LaTeX Font Info:    Try loading font information for U+txmia on input line 159.

(/usr/local/share/texmf-dist/tex/latex/txfonts/utxmia.fd
File: utxmia.fd 2000/12/15 v3.1
)
LaTeX Font Info:    Try loading font information for U+txsya on input line 159.

(/usr/local/share/texmf-dist/tex/latex/txfonts/utxsya.fd
File: utxsya.fd 2000/12/15 v3.1
)
LaTeX Font Info:    Try loading font information for U+txsyb on input line 159.

(/usr/local/share/texmf-dist/tex/latex/txfonts/utxsyb.fd
File: utxsyb.fd 2000/12/15 v3.1
)
LaTeX Font Info:    Try loading font information for U+txsyc on input line 159.

(/usr/local/share/texmf-dist/tex/latex/txfonts/utxsyc.fd
File: utxsyc.fd 2000/12/15 v3.1
)
LaTeX Font Info:    Try loading font information for U+rsfs on input line 159.
(/usr/local/share/texmf-dist/tex/latex/jknappen/ursfs.fd
File: ursfs.fd 1998/03/24 rsfs font definition file (jk)
)
l2hSize :tex2html_wrap_inline3422:7.24997pt::7.24997pt::5.16002pt.
[1



]
l2hSize :tex2html_wrap_inline3424:7.24997pt::7.24997pt::11.82802pt.
[2


]
l2hSize :tex2html_wrap_inline3434:7.34999pt::7.34999pt::4.13002pt.
[3


]
l2hSize :tex2html_wrap_inline3436:7.34999pt::7.34999pt::4.13002pt.
[4


]
l2hSize :tex2html_wrap_inline3466:6.86111pt::0.0pt::22.72903pt.
[5


]
l2hSize :tex2html_wrap_inline3494:7.24997pt::7.24997pt::5.85002pt.
[6


]
l2hSize :tex2html_wrap_inline3498:6.75897pt::0.0pt::13.78119pt.
[7


]
l2hSize :tex2html_wrap_inline3500:6.86111pt::0.0pt::15.27654pt.
[8


]
l2hSize :tex2html_wrap_inline3502:6.86111pt::0.0pt::15.61682pt.
[9


]
LaTeX Font Info:    Try loading font information for OT1+txtt on input line 218
.
(/usr/local/share/texmf-dist/tex/latex/txfonts/ot1txtt.fd
File: ot1txtt.fd 2000/12/15 v3.1
)
l2hSize :tex2html_wrap_inline3504:7.24997pt::7.24997pt::75.46962pt.
[10


]
l2hSize :tex2html_wrap_inline3510:7.36111pt::7.36111pt::16.33788pt.
[11


]
l2hSize :tex2html_wrap_inline3512:7.36111pt::7.36111pt::15.81529pt.
[12


]
l2hSize :tex2html_wrap_inline3514:10.03pt::10.03pt::8.84003pt.
[13


]
l2hSize :tex2html_wrap_inline3520:6.75897pt::0.0pt::13.78119pt.
[14


]
l2hSize :tex2html_wrap_inline3522:6.86111pt::0.0pt::16.11613pt.
[15


]
l2hSize :tex2html_wrap_inline3524:6.86111pt::0.0pt::15.27654pt.
[16


]
l2hSize :tex2html_wrap_inline3526:6.86111pt::0.0pt::15.61682pt.
[17


]
l2hSize :tex2html_wrap_indisplay3528:7.75897pt::7.75897pt::133.02312pt.
[18


]
l2hSize :tex2html_wrap_inline3530:6.86111pt::0.0pt::23.36447pt.
[19


]
l2hSize :tex2html_wrap_indisplay3532:21.5379pt::21.5379pt::207.5137pt.
[20


]
l2hSize :tex2html_wrap_indisplay3534:10.33998pt::10.33998pt::84.23824pt.
[21


]
l2hSize :tex2html_wrap_indisplay3536:10.33998pt::10.33998pt::118.58247pt.
[22


]
l2hSize :tex2html_wrap_indisplay3540:7.75897pt::7.75897pt::85.93044pt.
[23


]
l2hSize :tex2html_wrap_inline3542:7.24997pt::7.24997pt::9.36003pt.
[24


]
l2hSize :tex2html_wrap_inline3544:7.24997pt::7.24997pt::5.47003pt.
[25


]
l2hSize :tex2html_wrap_inline3546:7.24997pt::7.24997pt::4.94003pt.
[26


]
l2hSize :tex2html_wrap_indisplay3548:13.95998pt::13.95998pt::93.63039pt.
[27


]
l2hSize :tex2html_wrap_indisplay3550:21.06999pt::21.06999pt::92.01646pt.
[28


]
l2hSize :tex2html_wrap_indisplay3553:7.24997pt::7.24997pt::11.0pt.
[29


]
l2hSize :tex2html_wrap_indisplay3555:7.24997pt::7.24997pt::6.86002pt.
[30


]
l2hSize :tex2html_wrap_indisplay3557:7.30247pt::7.30247pt::44.37988pt.
[31


]
l2hSize :tex2html_wrap_indisplay3559:7.24997pt::7.24997pt::11.0pt.
[32


]
l2hSize :tex2html_wrap_indisplay3563:7.30247pt::7.30247pt::62.71313pt.
[33


]
l2hSize :tex2html_wrap_indisplay3567:21.06999pt::21.06999pt::97.56645pt.
[34


]
l2hSize :tex2html_wrap_indisplay3569:7.75897pt::7.75897pt::65.06978pt.
[35


]
l2hSize :tex2html_wrap_inline3571:7.25897pt::7.25897pt::96.64445pt.
[36


]
l2hSize :tex2html_wrap_indisplay3578:7.30247pt::7.30247pt::34.65991pt.
[37


]
l2hSize :tex2html_wrap_indisplay3584:7.30247pt::7.30247pt::52.49315pt.
[38


]
l2hSize :tex2html_wrap_inline3588:7.24997pt::7.24997pt::64.61629pt.
[39


]
l2hSize :tex2html_wrap_inline3590:7.25pt::7.25pt::23.961pt.
[40


]
l2hSize :tex2html_wrap_indisplay3595:14.09499pt::14.09499pt::38.05081pt.
[41


]
l2hSize :tex2html_wrap_inline3597:6.86111pt::0.0pt::9.64514pt.
[42


]
l2hSize :tex2html_wrap_indisplay3601:7.36111pt::7.36111pt::59.40517pt.
[43


]
l2hSize :tex2html_wrap_indisplay3607:14.1311pt::14.1311pt::27.88513pt.
[44


]
l2hSize :tex2html_wrap_indisplay3611:7.36111pt::7.36111pt::38.64273pt.
[45


]
l2hSize :tex2html_wrap_indisplay3613:14.09499pt::14.09499pt::14.4903pt.
[46


]
l2hSize :tex2html_wrap_indisplay3617:7.36111pt::7.36111pt::12.14514pt.
[47


]
l2hSize :tex2html_wrap_inline3623:6.86111pt::0.0pt::9.83331pt.
[48


]
l2hSize :tex2html_wrap_indisplay3625:7.36111pt::7.36111pt::59.59334pt.
[49


]
l2hSize :tex2html_wrap_indisplay3630:14.1311pt::14.1311pt::89.28152pt.
[50


]
l2hSize :tex2html_wrap_inline3633:7.36111pt::7.36111pt::62.0893pt.
[51


]
l2hSize :tex2html_wrap_inline3636:7.24997pt::7.24997pt::5.00002pt.
[52


]
l2hSize :tex2html_wrap_indisplay3653:7.72398pt::7.72398pt::34.88612pt.
[53


]
l2hSize :tex2html_wrap_indisplay3657:14.27898pt::14.27898pt::128.00826pt.
[54


]
l2hSize :tex2html_wrap_indisplay3661:7.72398pt::7.72398pt::13.6371pt.
[55


]
l2hSize :tex2html_wrap_indisplay3663:14.27898pt::14.27898pt::123.08647pt.
[56


]
l2hSize :tex2html_wrap_indisplay3665:18.30696pt::18.30696pt::164.22408pt.
[57


]
l2hSize :tex2html_wrap_indisplay3667:9.40749pt::9.40749pt::86.42871pt.
[58


]
l2hSize :tex2html_wrap_inline3669:7.24997pt::7.24997pt::5.81001pt.
[59


]
l2hSize :tex2html_wrap_inline3671:8.92497pt::8.92497pt::85.87267pt.
[60


]
l2hSize :tex2html_wrap_inline3673:7.24997pt::7.24997pt::41.30327pt.
[61


]
l2hSize :tex2html_wrap_inline3675:8.70448pt::8.70448pt::58.60133pt.
[62


]
l2hSize :tex2html_wrap_inline3677:7.24997pt::7.24997pt::5.58003pt.
[63


]
l2hSize :tex2html_wrap_inline3679:7.24997pt::7.24997pt::23.42543pt.
[64


]
l2hSize :tex2html_wrap_inline3681:7.24997pt::7.24997pt::30.57843pt.
[65


]
l2hSize :tex2html_wrap_inline3683:7.36111pt::7.36111pt::25.32895pt.
[66


]
l2hSize :tex2html_wrap_indisplay3686:7.36111pt::7.36111pt::25.32895pt.
[67


]
l2hSize :tex2html_wrap_indisplay3690:17.56395pt::17.56395pt::85.30347pt.
[68


]
l2hSize :tex2html_wrap_indisplay3694:15.58296pt::15.58296pt::129.07458pt.
[69


]
l2hSize :tex2html_wrap_indisplay3698:15.58296pt::15.58296pt::116.40727pt.
[70


]
l2hSize :tex2html_wrap_inline3700:7.25pt::7.25pt::14.03001pt.
[71


]
l2hSize :tex2html_wrap_indisplay3702:7.325pt::7.325pt::81.11978pt.
[72


]
l2hSize :tex2html_wrap_inline3706:8.40749pt::0.0pt::24.05547pt.
[73


]
l2hSize :tex2html_wrap_inline3708:8.40749pt::0.0pt::27.55547pt.
[74


]
l2hSize :tex2html_wrap_indisplay3711:9.40749pt::9.40749pt::24.05547pt.
[75


]
l2hSize :tex2html_wrap_indisplay3715:15.58296pt::15.58296pt::150.43727pt.
[76


]
l2hSize :tex2html_wrap_indisplay3717:9.40749pt::9.40749pt::27.55547pt.
[77


]
l2hSize :tex2html_wrap_indisplay3721:15.58296pt::15.58296pt::146.49727pt.
[78


]
l2hSize :tex2html_wrap_inline3723:7.325pt::7.325pt::27.67004pt.
[79


]
l2hSize :tex2html_wrap_inline3729:9.16612pt::9.16612pt::40.43765pt.
[80


]
l2hSize :tex2html_wrap_inline3731:7.25pt::7.25pt::5.11003pt.
[81


]
l2hSize :tex2html_wrap_inline3733:7.24997pt::7.24997pt::5.80002pt.
[82


]
l2hSize :tex2html_wrap_inline3737:8.90749pt::8.90749pt::36.32195pt.
[83


]
l2hSize :tex2html_wrap_inline3752:7.24997pt::7.24997pt::4.39003pt.
[84


]
l2hSize :tex2html_wrap_indisplay3762:21.55096pt::21.55096pt::103.42976pt.
[85


]
l2hSize :tex2html_wrap_indisplay3764:15.58296pt::15.58296pt::174.51875pt.
[86


]
File: figures/FIG-xi3-xi.eps Graphic file (type eps)
<figures/FIG-xi3-xi.eps>
l2hSize :tex2html_wrap3776:139.41771pt::0.0pt::451.0pt.
[87


]
File: figures/FIG-xi3-CPU.eps Graphic file (type eps)
<figures/FIG-xi3-CPU.eps>
l2hSize :tex2html_wrap3794:139.41771pt::0.0pt::451.0pt.
[88


]
l2hSize :tex2html_wrap_inline3796:7.24997pt::7.24997pt::24.93542pt.
[89


]
l2hSize :tex2html_wrap_inline3798:7.325pt::7.325pt::30.49329pt.
[90


]
l2hSize :tex2html_wrap_inline3800:7.24997pt::7.24997pt::28.74342pt.
[91


]
l2hSize :tex2html_wrap_inline3810:8.81297pt::8.81297pt::79.96732pt.
[92


]
l2hSize :tex2html_wrap_inline3812:6.74997pt::0.0pt::19.66437pt.
[93


]
l2hSize :tex2html_wrap_inline3814:6.74997pt::0.0pt::7.72003pt.
[94


]
l2hSize :tex2html_wrap_inline3816:8.92497pt::8.92497pt::69.74182pt.
[95


]
File: figures/FIG-xi3-err.eps Graphic file (type eps)
<figures/FIG-xi3-err.eps>
l2hSize :tex2html_wrap3822:139.41771pt::0.0pt::451.0pt.
[96


]
l2hSize :tex2html_wrap_inline3826:7.24997pt::7.24997pt::33.74342pt.
[97


]
l2hSize :tex2html_wrap_inline3832:7.24997pt::7.24997pt::10.50003pt.
[98


]
l2hSize :tex2html_wrap_inline3834:7.36111pt::7.36111pt::51.5538pt.
[99


]
l2hSize :tex2html_wrap_inline3849:7.24997pt::7.24997pt::22.15543pt.
[100


]
l2hSize :tex2html_wrap_inline3851:7.24997pt::7.24997pt::3.46002pt.
[101


]
l2hSize :tex2html_wrap_indisplay3856:7.34999pt::7.34999pt::293.9726pt.
[102


]
l2hSize :tex2html_wrap_inline3859:7.34999pt::7.34999pt::4.13002pt.
[103


]
l2hSize :tex2html_wrap_inline3861:7.34999pt::7.34999pt::4.13002pt.
[104


]
l2hSize :tex2html_wrap_inline3863:7.33499pt::7.33499pt::77.35185pt.
[105


]
l2hSize :tex2html_wrap_inline3865:7.33499pt::7.33499pt::77.35185pt.
[106


]
l2hSize :tex2html_wrap_inline3867:7.33499pt::7.33499pt::166.37141pt.
[107


]
l2hSize :tex2html_wrap_indisplay3894:14.18999pt::14.18999pt::144.51219pt.
[108


]
l2hSize :tex2html_wrap_inline3896:6.74997pt::0.0pt::7.3102pt.
[109


]
l2hSize :tex2html_wrap_inline3898:7.24997pt::7.24997pt::6.25002pt.
[110


]
l2hSize :tex2html_wrap_inline3900:7.24997pt::7.24997pt::5.58003pt.
[111


]
l2hSize :tex2html_wrap_indisplay3904:21.06999pt::21.06999pt::63.0453pt.
[112


]
l2hSize :tex2html_wrap_inline3906:6.825pt::0.0pt::6.93002pt.
[113


]
l2hSize :tex2html_wrap_indisplay3908:9.31297pt::9.31297pt::162.23032pt.
[114


]
l2hSize :tex2html_wrap_inline3910:7.36111pt::7.36111pt::34.45018pt.
[115


]
l2hSize :tex2html_wrap_indisplay3912:12.78143pt::12.78143pt::99.29895pt.
[116


]
l2hSize :tex2html_wrap_indisplay3914:13.80498pt::13.80498pt::76.6123pt.
[117


]
l2hSize :tex2html_wrap_inline3916:7.24997pt::7.24997pt::11.05003pt.
[118


]
l2hSize :tex2html_wrap_indisplay3918:13.80498pt::13.80498pt::44.3854pt.
[119


]
l2hSize :tex2html_wrap_inline3920:6.74997pt::0.0pt::6.34003pt.
[120


]
l2hSize :tex2html_wrap_inline3922:7.24997pt::7.24997pt::8.40001pt.
[121


]
l2hSize :tex2html_wrap_inline3924:7.24997pt::7.24997pt::31.24544pt.
[122


]
l2hSize :tex2html_wrap_indisplay3926:7.36111pt::7.36111pt::71.75313pt.
[123


]
l2hSize :tex2html_wrap_indisplay3928:7.36111pt::7.36111pt::43.25322pt.
[124


]
l2hSize :tex2html_wrap_indisplay3931:14.10498pt::14.10498pt::165.48755pt.
[125


]
l2hSize :tex2html_wrap_indisplay3933:16.86145pt::16.86145pt::277.90723pt.
[126


]
l2hSize :tex2html_wrap_inline3935:7.24997pt::7.24997pt::7.08002pt.
[127


]
l2hSize :tex2html_wrap_inline3937:7.24997pt::7.24997pt::10.40279pt.
[128


]
l2hSize :tex2html_wrap_inline3939:7.24997pt::7.24997pt::27.96436pt.
[129


]
l2hSize :tex2html_wrap_inline3941:8.81297pt::8.81297pt::17.68199pt.
[130


]
l2hSize :tex2html_wrap_indisplay3943:14.10498pt::14.10498pt::157.21056pt.
[131


]
l2hSize :tex2html_wrap_indisplay3946:9.31297pt::9.31297pt::34.24475pt.
[132


]
l2hSize :tex2html_wrap_indisplay3950:7.36111pt::7.36111pt::11.4861pt.
[133


]
l2hSize :tex2html_wrap_indisplay3952:9.31297pt::9.31297pt::34.24475pt.
[134


]
l2hSize :tex2html_wrap_indisplay3956:7.36111pt::7.36111pt::41.01073pt.
[135


]
l2hSize :tex2html_wrap_inline3958:7.24997pt::7.24997pt::22.41544pt.
[136


]
l2hSize :tex2html_wrap_indisplay3960:15.58296pt::15.58296pt::327.48763pt.
[137


]
l2hSize :tex2html_wrap_inline3962:6.86111pt::0.0pt::9.26561pt.
[138


]
l2hSize :tex2html_wrap_inline3964:6.86111pt::0.0pt::10.9097pt.
[139


]
l2hSize :tex2html_wrap_indisplay3967:7.36111pt::7.36111pt::9.26561pt.
[140


]
l2hSize :tex2html_wrap_indisplay3971:7.24997pt::7.24997pt::3.00003pt.
[141


]
l2hSize :tex2html_wrap_indisplay3973:7.36111pt::7.36111pt::10.9097pt.
[142


]
l2hSize :tex2html_wrap_indisplay3977:7.24997pt::7.24997pt::3.00003pt.
[143


]
l2hSize :tex2html_wrap_inline3981:6.86111pt::0.0pt::8.80554pt.
[144


]
l2hSize :tex2html_wrap_inline3983:6.86111pt::0.0pt::9.14583pt.
[145


]
l2hSize :tex2html_wrap_indisplay3985:21.32227pt::21.32227pt::134.79852pt.
[146


]
l2hSize :tex2html_wrap_inline3987:8.92497pt::8.92497pt::45.5897pt.
[147


]
l2hSize :tex2html_wrap_inline3989:8.92497pt::8.92497pt::43.40808pt.
[148


]
l2hSize :tex2html_wrap_indisplay3992:7.24997pt::7.24997pt::10.94203pt.
[149


]
l2hSize :tex2html_wrap_indisplay3996:7.24997pt::7.24997pt::13.44203pt.
[150


]
l2hSize :tex2html_wrap_indisplay3998:9.05501pt::9.05501pt::10.94203pt.
[151


]
l2hSize :tex2html_wrap_indisplay4002:7.25pt::7.25pt::13.44203pt.
[152


]
l2hSize :tex2html_wrap_indisplay4004:7.24997pt::7.24997pt::10.38203pt.
[153


]
l2hSize :tex2html_wrap_indisplay4008:7.24997pt::7.24997pt::12.88203pt.
[154


]
l2hSize :tex2html_wrap_inline4012:6.86111pt::0.0pt::7.96527pt.
[155


]
l2hSize :tex2html_wrap_inline4014:7.24997pt::7.24997pt::21.30435pt.
[156


]
l2hSize :tex2html_wrap_inline4024:6.86111pt::0.0pt::8.9861pt.
[157


]
l2hSize :tex2html_wrap_inline4026:6.86111pt::0.0pt::8.46352pt.
[158


]
l2hSize :tex2html_wrap_indisplay4050:21.06999pt::21.06999pt::91.3287pt.
[159


]
l2hSize :tex2html_wrap_indisplay4053:7.92699pt::7.92699pt::26.88644pt.
[160


]
l2hSize :tex2html_wrap_indisplay4057:12.66943pt::12.66943pt::130.52322pt.
[161


]
l2hSize :tex2html_wrap_indisplay4059:7.92699pt::7.92699pt::26.80945pt.
[162


]
l2hSize :tex2html_wrap_indisplay4063:12.66943pt::12.66943pt::68.88646pt.
[163


]
l2hSize :tex2html_wrap_indisplay4065:7.92699pt::7.92699pt::25.96245pt.
[164


]
l2hSize :tex2html_wrap_indisplay4069:12.66943pt::12.66943pt::74.76346pt.
[165


]
l2hSize :tex2html_wrap_indisplay4071:7.92699pt::7.92699pt::25.88545pt.
[166


]
l2hSize :tex2html_wrap_indisplay4075:12.66943pt::12.66943pt::39.88608pt.
[167


]
l2hSize :tex2html_wrap_indisplay4077:15.16998pt::15.16998pt::155.79308pt.
[168


]
l2hSize :tex2html_wrap_indisplay4079:15.16998pt::15.16998pt::147.30861pt.
[169


]
l2hSize :tex2html_wrap_indisplay4092:29.65999pt::29.65999pt::224.83588pt.
[170


]
l2hSize :tex2html_wrap_inline4094:7.24997pt::7.24997pt::7.72003pt.
[171


]
l2hSize :tex2html_wrap_inline4096:7.25pt::7.25pt::6.24002pt.
[172


]
l2hSize :tex2html_wrap_indisplay4098:27.06999pt::27.06999pt::111.73152pt.
[173


]
l2hSize :tex2html_wrap_inline4100:6.86111pt::0.0pt::9.19443pt.
[174


]
l2hSize :tex2html_wrap_inline4102:6.86111pt::0.0pt::9.64755pt.
[175


]
l2hSize :tex2html_wrap_inline4104:6.86111pt::0.0pt::13.06247pt.
[176


]
l2hSize :tex2html_wrap_indisplay4106:29.65999pt::29.65999pt::315.47531pt.
[177


]
l2hSize :tex2html_wrap_inline4112:6.94444pt::0.0pt::41.85289pt.
[178


]
l2hSize :tex2html_wrap_inline4116:7.24997pt::7.24997pt::38.21976pt.
[179


]
l2hSize :tex2html_wrap_indisplay4119:9.3421pt::9.3421pt::69.71529pt.
[180


]
l2hSize :tex2html_wrap_indisplay4123:10.68845pt::10.68845pt::109.87318pt.
[181


]
l2hSize :tex2html_wrap_inline4130:6.86111pt::0.0pt::7.81946pt.
[182


] (./images.aux) ) 
Here is how much of TeX's memory you used:
 2382 strings out of 94501
 29112 string characters out of 1174996
 73856 words of memory out of 1000000
 5508 multiletter control sequences out of 10000+100000
 19444 words of font info for 62 fonts, out of 500000 for 2000
 580 hyphenation exceptions out of 1000
 27i,9n,22p,850b,214s stack positions out of 1500i,500n,5000p,200000b,5000s

Output written on images.dvi (182 pages, 53484 bytes).
